
> api@0.0.1 start
> nest start

[32m[Nest] 14911  - [39m12/07/2025, 2:28:15 PM [32m    LOG[39m [38;5;3m[NestFactory] [39m[32mStarting Nest application...[39m
[32m[Nest] 14911  - [39m12/07/2025, 2:28:15 PM [32m    LOG[39m [38;5;3m[InstanceLoader] [39m[32mPrismaModule dependencies initialized[39m[38;5;3m +38ms[39m
[32m[Nest] 14911  - [39m12/07/2025, 2:28:15 PM [32m    LOG[39m [38;5;3m[InstanceLoader] [39m[32mPassportModule dependencies initialized[39m[38;5;3m +0ms[39m
[31m[Nest] 14911  - [39m12/07/2025, 2:28:15 PM [31m  ERROR[39m [38;5;3m[ExceptionHandler] [39mUnknownDependenciesException [Error]: Nest can't resolve dependencies of the UsersService (?). Please make sure that the argument PrismaService at index [0] is available in the UsersModule context.

Potential solutions:
- Is UsersModule a valid NestJS module?
- If PrismaService is a provider, is it part of the current UsersModule?
- If PrismaService is exported from a separate @Module, is that module imported within UsersModule?
  @Module({
    imports: [ /* the Module containing PrismaService */ ]
  })

For more common dependency resolution issues, see: https://docs.nestjs.com/faq/common-errors
    at Injector.lookupComponentInParentModules [90m(/Users/mac/Desktop/RNG gamez/backend/api/[39mnode_modules/[4m@nestjs/core[24m/injector/injector.js:286:19[90m)[39m
    at async resolveParam [90m(/Users/mac/Desktop/RNG gamez/backend/api/[39mnode_modules/[4m@nestjs/core[24m/injector/injector.js:140:38[90m)[39m
    at async Promise.all (index 0)
    at async Injector.resolveConstructorParams [90m(/Users/mac/Desktop/RNG gamez/backend/api/[39mnode_modules/[4m@nestjs/core[24m/injector/injector.js:169:27[90m)[39m
    at async Injector.loadInstance [90m(/Users/mac/Desktop/RNG gamez/backend/api/[39mnode_modules/[4m@nestjs/core[24m/injector/injector.js:75:13[90m)[39m
    at async Injector.loadProvider [90m(/Users/mac/Desktop/RNG gamez/backend/api/[39mnode_modules/[4m@nestjs/core[24m/injector/injector.js:103:9[90m)[39m
    at async [90m/Users/mac/Desktop/RNG gamez/backend/api/[39mnode_modules/[4m@nestjs/core[24m/injector/instance-loader.js:56:13
    at async Promise.all (index 3)
    at async InstanceLoader.createInstancesOfProviders [90m(/Users/mac/Desktop/RNG gamez/backend/api/[39mnode_modules/[4m@nestjs/core[24m/injector/instance-loader.js:55:9[90m)[39m
    at async [90m/Users/mac/Desktop/RNG gamez/backend/api/[39mnode_modules/[4m@nestjs/core[24m/injector/instance-loader.js:40:13 {
  type: [32m'UsersService'[39m,
  context: {
    index: [33m0[39m,
    dependencies: [
      [36m[class PrismaService extends t][39m
    ],
    name: [36m[class PrismaService extends t][39m
  },
  metadata: {
    id: [32m'22d908a7fd9db0d06b4e7'[39m
  },
  moduleRef: {
    id: [32m'a8fc053f7d5d95cbc05d2'[39m
  }
}
